<?xml version="1.0" encoding="UTF-8"?>
<!-- Generated by org.testng.reporters.JUnitReportReporter -->
<testsuite hostname="mohammads-MBP.fios-router.home" failures="0" tests="2" name="test.LoginTests" time="6.697" errors="0" timestamp="07 Dec 2018 22:02:45 GMT" skipped="0">
  <testcase classname="test.LoginTests" name="verifyLogIn" time="4.464"/>
  <testcase classname="test.LoginTests" name="verifyLogoPresent" time="2.233"/>
</testsuite> <!-- test.LoginTests -->
