<?xml version="1.0" encoding="UTF-8"?>
<!-- Generated by org.testng.reporters.JUnitReportReporter -->
<testsuite hostname="mohammads-MBP.fios-router.home" failures="0" tests="2" name="test.LoginTests" time="5.843" errors="0" timestamp="07 Dec 2018 22:10:57 GMT" skipped="0">
  <testcase classname="test.LoginTests" name="verifyLogoPresent" time="2.058"/>
  <testcase classname="test.LoginTests" name="verifyLogIn" time="3.785"/>
</testsuite> <!-- test.LoginTests -->
