<?xml version="1.0" encoding="UTF-8"?>
<!-- Generated by org.testng.reporters.JUnitReportReporter -->
<testsuite skipped="0" hostname="Tannazs-MacBook-Air.local" name="test.LoginTests" tests="1" failures="0" timestamp="07 Dec 2018 19:33:03 GMT" time="6.903" errors="0">
  <testcase name="verifyLogIn" time="6.903" classname="test.LoginTests"/>
</testsuite> <!-- test.LoginTests -->
