<?xml version="1.0" encoding="UTF-8"?>
<!-- Generated by org.testng.reporters.JUnitReportReporter -->
<testsuite hostname="DESKTOP-2O2VKEV" failures="0" tests="2" name="test.LoginTests" time="15.714" errors="0" timestamp="09 Dec 2018 21:27:03 GMT" skipped="0">
  <testcase classname="test.LoginTests" name="verifyLogIn" time="7.467"/>
  <testcase classname="test.LoginTests" name="verifyLogoPresent" time="8.247"/>
</testsuite> <!-- test.LoginTests -->
