<?xml version="1.0" encoding="UTF-8"?>
<!-- Generated by org.testng.reporters.JUnitReportReporter -->
<testsuite hostname="mohammads-MacBook-Pro.local" failures="0" tests="1" name="test.DashboardTests" time="3.900" errors="0" timestamp="10 Dec 2018 03:36:40 GMT" skipped="0">
  <testcase classname="test.DashboardTests" name="VerifyLoggedUser" time="3.900"/>
</testsuite> <!-- test.DashboardTests -->
