<?xml version="1.0" encoding="UTF-8"?>
<!-- Generated by org.testng.reporters.JUnitReportReporter -->
<testsuite hostname="Hassanhussaeny" failures="0" tests="2" name="test.LoginTests" time="11.893" errors="0" timestamp="10 Dec 2018 03:43:47 GMT" skipped="0">
  <testcase classname="test.LoginTests" name="verifyLogIn" time="6.312"/>
  <testcase classname="test.LoginTests" name="verifyLogoPresent" time="5.581"/>
</testsuite> <!-- test.LoginTests -->
