<?xml version="1.0" encoding="UTF-8"?>
<!-- Generated by org.testng.reporters.JUnitReportReporter -->
<testsuite hostname="mohammads-MacBook-Pro.local" failures="0" tests="1" name="test.LoginTests" time="8.360" errors="0" timestamp="07 Dec 2018 19:32:33 GMT" skipped="0">
  <testcase classname="test.LoginTests" name="verifyLogIn" time="8.360"/>
</testsuite> <!-- test.LoginTests -->
