<?xml version="1.0" encoding="UTF-8"?>
<!-- Generated by org.testng.reporters.JUnitReportReporter -->
<<<<<<< HEAD
<testsuite hostname="mohammads-MacBook-Pro.local" failures="0" tests="1" name="test.DashboardTests" time="3.379" errors="0" timestamp="09 Dec 2018 15:52:09 GMT" skipped="0">
  <testcase classname="test.DashboardTests" name="VerifyLoggedUser" time="3.379"/>
=======
<testsuite hostname="DESKTOP-2O2VKEV" failures="0" tests="1" name="test.DashboardTests" time="8.612" errors="0" timestamp="09 Dec 2018 21:27:03 GMT" skipped="0">
  <testcase classname="test.DashboardTests" name="VerifyLoggedUser" time="8.612"/>
>>>>>>> f8c1d900756005154bb2fbcb0786f11184b2fa95
</testsuite> <!-- test.DashboardTests -->
