<?xml version="1.0" encoding="UTF-8"?>
<!-- Generated by org.testng.reporters.JUnitReportReporter -->
<testsuite hostname="mohammads-MacBook-Pro.local" failures="0" tests="1" name="test.DashboardTests" time="3.467" errors="0" timestamp="09 Dec 2018 06:33:00 GMT" skipped="0">
  <testcase classname="test.DashboardTests" name="VerifyLoggedUser" time="3.467"/>
</testsuite> <!-- test.DashboardTests -->
