<?xml version="1.0" encoding="UTF-8"?>
<!-- Generated by org.testng.reporters.JUnitReportReporter -->
<testsuite hostname="mohammads-MacBook-Pro.local" failures="0" tests="2" name="test.LoginTests" time="7.888" errors="0" timestamp="09 Dec 2018 06:33:00 GMT" skipped="0">
  <testcase classname="test.LoginTests" name="verifyLogoPresent" time="2.023"/>
  <testcase classname="test.LoginTests" name="verifyLogIn" time="5.865"/>
</testsuite> <!-- test.LoginTests -->
