<?xml version="1.0" encoding="UTF-8"?>
<!-- Generated by org.testng.reporters.JUnitReportReporter -->
<testsuite hostname="Andreas-MacBook-Pro.local" failures="0" tests="2" name="test.LoginTests" time="28.144" errors="0" timestamp="09 Dec 2018 21:29:05 GMT" skipped="0">
  <testcase classname="test.LoginTests" name="verifyLogoPresent" time="22.605"/>
  <testcase classname="test.LoginTests" name="verifyLogIn" time="5.539"/>
</testsuite> <!-- test.LoginTests -->
