<?xml version="1.0" encoding="UTF-8"?>
<!-- Generated by org.testng.reporters.JUnitReportReporter -->
<testsuite hostname="mohammads-MacBook-Pro.local" failures="0" tests="2" name="test.LoginTests" time="7.887" errors="0" timestamp="08 Dec 2018 19:51:45 GMT" skipped="0">
  <testcase classname="test.LoginTests" name="verifyLogoPresent" time="3.904"/>
  <testcase classname="test.LoginTests" name="verifyLogIn" time="3.983"/>
</testsuite> <!-- test.LoginTests -->
