<?xml version="1.0" encoding="UTF-8"?>
<!-- Generated by org.testng.reporters.JUnitReportReporter -->
<testsuite hostname="mohammads-MacBook-Pro.local" failures="0" tests="1" name="test.DashboardTests" time="4.131" errors="0" timestamp="08 Dec 2018 19:51:45 GMT" skipped="0">
  <testcase classname="test.DashboardTests" name="VerifyLoggedUser" time="4.131"/>
</testsuite> <!-- test.DashboardTests -->
