<?xml version="1.0" encoding="UTF-8"?>
<!-- Generated by org.testng.reporters.JUnitReportReporter -->
<testsuite hostname="DESKTOP-2O2VKEV" failures="0" tests="1" name="test.DashboardTests" time="8.612" errors="0" timestamp="09 Dec 2018 21:27:03 GMT" skipped="0">
  <testcase classname="test.DashboardTests" name="VerifyLoggedUser" time="8.612"/>
</testsuite> <!-- test.DashboardTests -->
