<?xml version="1.0" encoding="UTF-8"?>
<!-- Generated by org.testng.reporters.JUnitReportReporter -->
<testsuite hostname="Hassanhussaeny" failures="0" tests="1" name="test.DashboardTests" time="6.535" errors="0" timestamp="10 Dec 2018 03:43:47 GMT" skipped="0">
  <testcase classname="test.DashboardTests" name="VerifyLoggedUser" time="6.535"/>
</testsuite> <!-- test.DashboardTests -->
