<?xml version="1.0" encoding="UTF-8"?>
<!-- Generated by org.testng.reporters.JUnitReportReporter -->
<testsuite hostname="mohammads-MacBook-Pro.local" failures="0" tests="2" name="test.LoginTests" time="6.805" errors="0" timestamp="10 Dec 2018 03:36:40 GMT" skipped="0">
  <testcase classname="test.LoginTests" name="verifyLogIn" time="3.564"/>
  <testcase classname="test.LoginTests" name="verifyLogoPresent" time="3.241"/>
</testsuite> <!-- test.LoginTests -->
