<?xml version="1.0" encoding="UTF-8"?>
<!-- Generated by org.testng.reporters.JUnitReportReporter -->
<testsuite hostname="mohammads-MBP.fios-router.home" failures="0" tests="1" name="test.DashboardTests" time="3.865" errors="0" timestamp="07 Dec 2018 22:10:57 GMT" skipped="0">
  <testcase classname="test.DashboardTests" name="VerifyLoggedUser" time="3.865"/>
</testsuite> <!-- test.DashboardTests -->
