<?xml version="1.0" encoding="UTF-8"?>
<!-- Generated by org.testng.reporters.JUnitReportReporter -->
<<<<<<< HEAD
<testsuite hostname="mohammads-MacBook-Pro.local" failures="0" tests="2" name="test.LoginTests" time="8.824" errors="0" timestamp="09 Dec 2018 15:52:09 GMT" skipped="0">
  <testcase classname="test.LoginTests" name="verifyLogoPresent" time="1.991"/>
  <testcase classname="test.LoginTests" name="verifyLogIn" time="6.833"/>
=======
<testsuite hostname="DESKTOP-2O2VKEV" failures="0" tests="2" name="test.LoginTests" time="15.714" errors="0" timestamp="09 Dec 2018 21:27:03 GMT" skipped="0">
  <testcase classname="test.LoginTests" name="verifyLogIn" time="7.467"/>
  <testcase classname="test.LoginTests" name="verifyLogoPresent" time="8.247"/>
>>>>>>> f8c1d900756005154bb2fbcb0786f11184b2fa95
</testsuite> <!-- test.LoginTests -->
