<?xml version="1.0" encoding="UTF-8"?>
<!-- Generated by org.testng.reporters.JUnitReportReporter -->
<testsuite hostname="mohammads-MacBook-Pro.local" failures="0" tests="2" name="test.LoginTests" time="8.824" errors="0" timestamp="09 Dec 2018 15:52:09 GMT" skipped="0">
  <testcase classname="test.LoginTests" name="verifyLogoPresent" time="1.991"/>
  <testcase classname="test.LoginTests" name="verifyLogIn" time="6.833"/>
</testsuite> <!-- test.LoginTests -->
