<?xml version="1.0" encoding="UTF-8"?>
<!-- Generated by org.testng.reporters.JUnitReportReporter -->
<testsuite hostname="Andreas-MacBook-Pro.local" failures="0" tests="1" name="test.DashboardTests" time="4.036" errors="0" timestamp="09 Dec 2018 21:29:05 GMT" skipped="0">
  <testcase classname="test.DashboardTests" name="VerifyLoggedUser" time="4.036"/>
</testsuite> <!-- test.DashboardTests -->
